[debug] [2026-05-30T01:08:25.809Z] ----------------------------------------------------------------------
[debug] [2026-05-30T01:08:25.811Z] Command:       /usr/local/bin/node /usr/local/bin/firebase deploy --only functions:setAdminUserRole,functions:listMarketplaceReviewQueue,functions:reviewProductDecision,hosting,firestore:rules --project melogic-records
[debug] [2026-05-30T01:08:25.811Z] CLI Version:   15.15.0
[debug] [2026-05-30T01:08:25.811Z] Platform:      darwin
[debug] [2026-05-30T01:08:25.811Z] Node Version:  v24.12.0
[debug] [2026-05-30T01:08:25.811Z] Time:          Fri May 29 2026 21:08:25 GMT-0400 (Eastern Daylight Time)
[debug] [2026-05-30T01:08:25.811Z] ----------------------------------------------------------------------
[debug] 
[debug] [2026-05-30T01:08:26.360Z] > command requires scopes: ["email","openid","https://www.googleapis.com/auth/cloudplatformprojects.readonly","https://www.googleapis.com/auth/firebase","https://www.googleapis.com/auth/cloud-platform"]
[debug] [2026-05-30T01:08:26.360Z] > authorizing via signed-in user (gene.a.barnes2@gmail.com)
[debug] [2026-05-30T01:08:26.360Z] [iam] checking project melogic-records for permissions ["cloudfunctions.functions.create","cloudfunctions.functions.delete","cloudfunctions.functions.get","cloudfunctions.functions.list","cloudfunctions.functions.update","cloudfunctions.operations.get","datastore.indexes.create","datastore.indexes.delete","datastore.indexes.list","datastore.indexes.update","firebase.projects.get","firebasehosting.sites.update"]
[debug] [2026-05-30T01:08:26.360Z] Checked if tokens are valid: false, expires at: 1780101986692
[debug] [2026-05-30T01:08:26.360Z] Checked if tokens are valid: false, expires at: 1780101986692
[debug] [2026-05-30T01:08:26.360Z] > refreshing access token with scopes: []
[debug] [2026-05-30T01:08:26.361Z] >>> [apiv2][query] POST https://www.googleapis.com/oauth2/v3/token [none]
[debug] [2026-05-30T01:08:26.361Z] >>> [apiv2][body] POST https://www.googleapis.com/oauth2/v3/token [omitted]
[debug] [2026-05-30T01:08:26.376Z] *** [apiv2] error from fetch(https://www.googleapis.com/oauth2/v3/token, {"headers":{},"method":"POST","body":{"_overheadLength":545,"_valueLength":212,"_valuesToMeasure":[],"writable":false,"readable":true,"dataSize":0,"maxDataSize":2097152,"pauseStreams":true,"_released":true,"_streams":[],"_currentStream":null,"_insideLoop":false,"_pendingNext":false,"_boundary":"--------------------------f3e9d0b599bbada31be95e9a","_events":{},"_eventsCount":1}}): FetchError: request to https://www.googleapis.com/oauth2/v3/token failed, reason: getaddrinfo ENOTFOUND www.googleapis.com
[error] Authentication Error: Your credentials are no longer valid. Please run firebase login --reauth

For CI servers and headless environments, generate a new token with firebase login:ci
[debug] [2026-05-30T01:08:26.376Z] [iam] error while checking permissions, command may fail: Authentication Error: Your credentials are no longer valid. Please run firebase login --reauth

For CI servers and headless environments, generate a new token with firebase login:ci
[debug] [2026-05-30T01:08:26.377Z] Checked if tokens are valid: false, expires at: 1780101986692
[debug] [2026-05-30T01:08:26.377Z] Checked if tokens are valid: false, expires at: 1780101986692
[debug] [2026-05-30T01:08:26.377Z] > refreshing access token with scopes: []
[debug] [2026-05-30T01:08:26.377Z] >>> [apiv2][query] POST https://www.googleapis.com/oauth2/v3/token [none]
[debug] [2026-05-30T01:08:26.377Z] >>> [apiv2][body] POST https://www.googleapis.com/oauth2/v3/token [omitted]
[debug] [2026-05-30T01:08:26.382Z] *** [apiv2] error from fetch(https://www.googleapis.com/oauth2/v3/token, {"headers":{},"method":"POST","body":{"_overheadLength":545,"_valueLength":212,"_valuesToMeasure":[],"writable":false,"readable":true,"dataSize":0,"maxDataSize":2097152,"pauseStreams":true,"_released":true,"_streams":[],"_currentStream":null,"_insideLoop":false,"_pendingNext":false,"_boundary":"--------------------------e8f76476239ae0e7f01678e7","_events":{},"_eventsCount":1}}): FetchError: request to https://www.googleapis.com/oauth2/v3/token failed, reason: getaddrinfo ENOTFOUND www.googleapis.com
[error] Authentication Error: Your credentials are no longer valid. Please run firebase login --reauth

For CI servers and headless environments, generate a new token with firebase login:ci
[debug] [2026-05-30T01:08:26.382Z] [functions] service account IAM check errored, deploy may fail: Authentication Error: Your credentials are no longer valid. Please run firebase login --reauth

For CI servers and headless environments, generate a new token with firebase login:ci {"name":"FirebaseError","children":[],"exit":1,"message":"Authentication Error: Your credentials are no longer valid. Please run firebase login --reauth\n\nFor CI servers and headless environments, generate a new token with firebase login:ci","status":500}
[debug] [2026-05-30T01:08:26.382Z] Checked if tokens are valid: false, expires at: 1780101986692
[debug] [2026-05-30T01:08:26.382Z] Checked if tokens are valid: false, expires at: 1780101986692
[debug] [2026-05-30T01:08:26.382Z] > refreshing access token with scopes: []
[debug] [2026-05-30T01:08:26.382Z] >>> [apiv2][query] POST https://www.googleapis.com/oauth2/v3/token [none]
[debug] [2026-05-30T01:08:26.382Z] >>> [apiv2][body] POST https://www.googleapis.com/oauth2/v3/token [omitted]
[debug] [2026-05-30T01:08:26.383Z] *** [apiv2] error from fetch(https://www.googleapis.com/oauth2/v3/token, {"headers":{},"method":"POST","body":{"_overheadLength":545,"_valueLength":212,"_valuesToMeasure":[],"writable":false,"readable":true,"dataSize":0,"maxDataSize":2097152,"pauseStreams":true,"_released":true,"_streams":[],"_currentStream":null,"_insideLoop":false,"_pendingNext":false,"_boundary":"--------------------------c8b58c6e81f98fc0e514e9a8","_events":{},"_eventsCount":1}}): FetchError: request to https://www.googleapis.com/oauth2/v3/token failed, reason: getaddrinfo ENOTFOUND www.googleapis.com
[error] Authentication Error: Your credentials are no longer valid. Please run firebase login --reauth

For CI servers and headless environments, generate a new token with firebase login:ci
[debug] [2026-05-30T01:08:26.383Z] Authentication Error: Your credentials are no longer valid. Please run firebase login --reauth

For CI servers and headless environments, generate a new token with firebase login:ci
[error] 
[error] Error: Assertion failed: resolving hosting target of a site with no site name or target name. This should have caused an error earlier
[debug] [2026-05-30T01:08:26.649Z] Error: EPERM: operation not permitted, open '/Users/ginobarnes/.config/configstore/firebase-tools.json.401907754'
    at Object.openSync (node:fs:560:18)
    at writeFile.writeFileSync [as sync] (/usr/local/lib/node_modules/firebase-tools/node_modules/write-file-atomic/index.js:205:13)
    at set all (/usr/local/lib/node_modules/firebase-tools/node_modules/configstore/index.js:61:20)
    at Configstore.delete (/usr/local/lib/node_modules/firebase-tools/node_modules/configstore/index.js:101:12)
    at process.<anonymous> (/usr/local/lib/node_modules/firebase-tools/lib/bin/cli.js:65:45)
    at process.emit (node:events:520:35)
    at process.exit (node:internal/process/per_thread:236:15)
    at Timeout._onTimeout (/usr/local/lib/node_modules/firebase-tools/lib/errorOut.js:20:17)
    at listOnTimeout (node:internal/timers:605:17)
    at process.processTimers (node:internal/timers:541:7)
[error] 
[error] Error: An unexpected error has occurred.
[debug] [2026-05-30T01:08:39.646Z] ----------------------------------------------------------------------
[debug] [2026-05-30T01:08:39.647Z] Command:       /usr/local/bin/node /usr/local/bin/firebase login --reauth --no-localhost
[debug] [2026-05-30T01:08:39.647Z] CLI Version:   15.15.0
[debug] [2026-05-30T01:08:39.647Z] Platform:      darwin
[debug] [2026-05-30T01:08:39.647Z] Node Version:  v24.12.0
[debug] [2026-05-30T01:08:39.647Z] Time:          Fri May 29 2026 21:08:39 GMT-0400 (Eastern Daylight Time)
[debug] [2026-05-30T01:08:39.647Z] ----------------------------------------------------------------------
[debug] 
[debug] [2026-05-30T01:08:39.712Z] >>> [apiv2][query] POST https://auth.firebase.tools/attest [none]
[debug] [2026-05-30T01:08:39.713Z] >>> [apiv2][body] POST https://auth.firebase.tools/attest {"session_id":"657b7429-5f80-4306-ac47-f56dc3d97986"}
[debug] [2026-05-30T01:08:40.384Z] <<< [apiv2][status] POST https://auth.firebase.tools/attest 200
[debug] [2026-05-30T01:08:40.385Z] <<< [apiv2][body] POST https://auth.firebase.tools/attest {"token":"9nY1uvuwS1VMY4lEMB5d2Z2TsLlttsdXuKgsP7aHl-0"}
[info] 
[info] To sign in to the Firebase CLI:
[info] 
[info] 1. Take note of your session ID:
[info] 
[info]    657B7
[info] 
[info] 2. Visit the URL below on any device and follow the instructions to get your code:
[info] 
[info]    https://auth.firebase.tools/login?code_challenge=rXmMx8G5SfI45zXj-jA6MTZeM_OlCTWnSaxk0ccgmqc&session=657b7429-5f80-4306-ac47-f56dc3d97986&attest=9nY1uvuwS1VMY4lEMB5d2Z2TsLlttsdXuKgsP7aHl-0
[info] 
[info] 3. Paste or enter the authorization code below once you have it:
[info] 
[debug] [2026-05-30T01:09:52.936Z] ExitPromptError: User force closed the prompt with SIGINT
    at Interface.sigint (/usr/local/lib/node_modules/firebase-tools/node_modules/@inquirer/core/dist/commonjs/lib/create-prompt.js:101:37)
    at Interface.emit (node:events:508:28)
    at Interface._ttyWriteDumb (node:readline:477:14)
    at ReadStream.onkeypress (node:internal/readline/interface:284:20)
    at ReadStream.emit (node:events:520:35)
    at emitKeys (node:internal/readline/utils:371:14)
    at emitKeys.next (<anonymous>)
    at ReadStream.onData (node:internal/readline/emitKeypressEvents:64:36)
    at ReadStream.emit (node:events:508:28)
    at addChunk (node:internal/streams/readable:559:12)
[error] 
[error] Error: An unexpected error has occurred.
